<?xml version="1.0" encoding="UTF-8"?>
<testsuite name="JUnit Vintage" tests="1" skipped="0" failures="0" errors="1" time="0.009" hostname="asmodeus" timestamp="2026-01-25T21:35:00">
<properties>
[...]
</properties>
<testcase name="initializationError" classname="com.collection.ArrayListTest" time="0.002">
<error message="Invalid test class 'com.collection.ArrayListTest':
  1. Method setUp() should be public
  2. Method listIteratorAtIndexStartsCorrectlyAndBoundsChecked() should be public
  3. Method clearEmptiesList() should be public
  4. Method iteratorIteratesInOrder() should be public
  5. Method streamAndParallelStreamWork() should be public
  6. Method addAllAtIndexInsertsInOrderAndReturnsChangeFlag() should be public
  7. Method listIteratorMutationsIfSupported() should be public
  8. Method subListIsBackedViewModificationsReflectBothWays() should be public
  9. Method toArrayNoArgsReturnsObjectArrayInOrder() should be public
  10. Method removeByIndexRemovesAndShiftsAndBoundsChecked() should be public
  11. Method removeByObjectRemovesFirstOccurrenceReturnsFlag() should be public
  12. Method addAllAppendsInOrderAndReturnsChangeFlag() should be public
  13. Method equalsAndHashCodeMatchStandardListContract() should be public
  14. Method sizeTracksAddsAndRemoves() should be public
  15. Method addAtIndexInsertsAndShifts() should be public
  16. Method iteratorRemoveRemovesLastReturnedIfSupported() should be public
  17. Method assertNullElementBehavior() should be public
  18. Method addAppendsAndReturnsTrue() should be public
  19. Method forEachVisitsAllInOrder() should be public
  20. Method removeIfRemovesMatchingReturnsFlag() should be public
  21. Method spliteratorTraversesAllElements() should be public
  22. Method toArrayTypedArraySemantics() should be public
  23. Method indexOfAndLastIndexOfHandleDuplicates() should be public
  24. Method removeAllRemovesAllOccurrencesReturnsChangeFlag() should be public
  25. Method containsAndContainsAllWork() should be public
  26. Method replaceAllAppliesOperator() should be public
  27. Method listIteratorForwardBackwardIndices() should be public
  28. Method newListIsEmptySizeZero() should be public
  29. Method retainAllKeepsOnlySpecifiedReturnsChangeFlag() should be public
  30. Method getAndSetWorkAndBoundsChecked() should be public
  31. Method subListBoundsChecked() should be public
  32. Method sortSortsWithComparator() should be public" type="org.junit.runners.model.InvalidTestClassError"><![CDATA[org.junit.runners.model.InvalidTestClassError: Invalid test class 'com.collection.ArrayListTest':
  1. Method setUp() should be public
  2. Method listIteratorAtIndexStartsCorrectlyAndBoundsChecked() should be public
  3. Method clearEmptiesList() should be public
  4. Method iteratorIteratesInOrder() should be public
  5. Method streamAndParallelStreamWork() should be public
  6. Method addAllAtIndexInsertsInOrderAndReturnsChangeFlag() should be public
  7. Method listIteratorMutationsIfSupported() should be public
  8. Method subListIsBackedViewModificationsReflectBothWays() should be public
  9. Method toArrayNoArgsReturnsObjectArrayInOrder() should be public
  10. Method removeByIndexRemovesAndShiftsAndBoundsChecked() should be public
  11. Method removeByObjectRemovesFirstOccurrenceReturnsFlag() should be public
  12. Method addAllAppendsInOrderAndReturnsChangeFlag() should be public
  13. Method equalsAndHashCodeMatchStandardListContract() should be public
  14. Method sizeTracksAddsAndRemoves() should be public
  15. Method addAtIndexInsertsAndShifts() should be public
  16. Method iteratorRemoveRemovesLastReturnedIfSupported() should be public
  17. Method assertNullElementBehavior() should be public
  18. Method addAppendsAndReturnsTrue() should be public
  19. Method forEachVisitsAllInOrder() should be public
  20. Method removeIfRemovesMatchingReturnsFlag() should be public
  21. Method spliteratorTraversesAllElements() should be public
  22. Method toArrayTypedArraySemantics() should be public
  23. Method indexOfAndLastIndexOfHandleDuplicates() should be public
  24. Method removeAllRemovesAllOccurrencesReturnsChangeFlag() should be public
  25. Method containsAndContainsAllWork() should be public
  26. Method replaceAllAppliesOperator() should be public
  27. Method listIteratorForwardBackwardIndices() should be public
  28. Method newListIsEmptySizeZero() should be public
  29. Method retainAllKeepsOnlySpecifiedReturnsChangeFlag() should be public
  30. Method getAndSetWorkAndBoundsChecked() should be public
  31. Method subListBoundsChecked() should be public
  32. Method sortSortsWithComparator() should be public
	at java.base/java.util.stream.ReferencePipeline$3$1.accept(ReferencePipeline.java:197)
	at java.base/java.util.ArrayList$ArrayListSpliterator.tryAdvance(ArrayList.java:1602)
	at java.base/java.util.stream.ReferencePipeline.forEachWithCancel(ReferencePipeline.java:129)
	at java.base/java.util.stream.AbstractPipeline.copyIntoWithCancel(AbstractPipeline.java:527)
	at java.base/java.util.stream.AbstractPipeline.copyInto(AbstractPipeline.java:513)
	at java.base/java.util.stream.AbstractPipeline.wrapAndCopyInto(AbstractPipeline.java:499)
	at java.base/java.util.stream.FindOps$FindOp.evaluateSequential(FindOps.java:150)
	at java.base/java.util.stream.AbstractPipeline.evaluate(AbstractPipeline.java:234)
	at java.base/java.util.stream.ReferencePipeline.findFirst(ReferencePipeline.java:647)
]]></error>
<system-out><![CDATA[
unique-id: [engine:junit-vintage]/[runner:com.collection.ArrayListTest]/[test:initializationError(com.collection.ArrayListTest)]
display-name: initializationError
]]></system-out>
</testcase>
<system-out><![CDATA[
unique-id: [engine:junit-vintage]
display-name: JUnit Vintage
]]></system-out>
</testsuite>
